<?xml version="1.0" encoding="UTF-8"?>
<!-- Generated by org.testng.reporters.JUnitXMLReporter -->
<testsuite ignored="2" hostname="WKWIN5154091" failures="0" tests="1" name="Default test" time="1.465" errors="0" timestamp="23 Sep 2019 01:37:22 GMT">
  <testcase classname="com.qa.test.GetAPITest" name="parseJson" time="1.436"/>
  <testcase classname="com.qa.test.GetAPITest" name="getTestWithHeaders" time="0.0">
    <ignored/>
  </testcase> <!-- getTestWithHeaders -->
  <testcase classname="com.qa.test.GetAPITest" name="getTestWithoutHedaers" time="0.0">
    <ignored/>
  </testcase> <!-- getTestWithoutHedaers -->
</testsuite> <!-- Default test -->
